<?xml version="1.0" encoding="UTF-8"?>
<!-- Generated by org.testng.reporters.JUnitXMLReporter -->
<testsuite hostname="LAPTOP-GGIFE68G" ignored="0" name="Default test" tests="3" failures="0" timestamp="2022-11-30T18:23:25 IST" time="0.555" errors="0">
  <testcase name="signIn" time="0.02" classname="day10.testNGExamples.Example_Param6"/>
  <testcase name="login" time="0.001" classname="day10.testNGExamples.Example_Param6"/>
  <testcase name="checkNotification" time="0.506" classname="day10.testNGExamples.Example_Param6"/>
</testsuite> <!-- Default test -->
